<?xml version="1.0" encoding="UTF-8"?>
<!-- Generated by org.testng.reporters.JUnitXMLReporter -->
<testsuite hostname="minds" ignored="0" name="Chamilo Test" tests="6" failures="0" timestamp="22 May 2019 10:48:32 GMT" time="361.027" errors="0">
  <testcase name="clickonenrollpage" time="112.491" classname="com.chamilo.testcases.Enroll_Users_test"/>
  <testcase name="clickonannouncementpage" time="60.396" classname="com.chamilo.testcases.Add_Announcement_test"/>
  <testcase name="clickonenrollpage1" time="53.957" classname="com.chamilo.testcases.Enroll_Users_test"/>
  <testcase name="clickonannouncementpage1" time="34.94" classname="com.chamilo.testcases.Add_Announcement_test"/>
  <testcase name="clickonAssessment_Assignment" time="63.727" classname="com.chamilo.testcases.Enroll_Users_test"/>
  <testcase name="clickonAssessment_Assignment1" time="35.459" classname="com.chamilo.testcases.Enroll_Users_test"/>
</testsuite> <!-- Chamilo Test -->
