<?xml version="1.0" encoding="UTF-8"?>
<!-- Generated by org.testng.reporters.JUnitXMLReporter -->
<testsuite hostname="minds" ignored="0" name="Default test" tests="2" failures="0" timestamp="22 May 2019 10:40:53 GMT" time="109.896" errors="0">
  <testcase name="clickonannouncementpage" time="68.061" classname="com.chamilo.testcases.Add_Announcement_test"/>
  <testcase name="clickonannouncementpage1" time="41.805" classname="com.chamilo.testcases.Add_Announcement_test"/>
</testsuite> <!-- Default test -->
